{
 "cells": [
  {
   "cell_type": "code",
   "execution_count": 1,
   "id": "869b38ae",
   "metadata": {
    "execution": {
     "iopub.execute_input": "2023-04-18T08:46:29.446289Z",
     "iopub.status.busy": "2023-04-18T08:46:29.445606Z",
     "iopub.status.idle": "2023-04-18T08:46:29.455629Z",
     "shell.execute_reply": "2023-04-18T08:46:29.454558Z"
    },
    "papermill": {
     "duration": 0.0152,
     "end_time": "2023-04-18T08:46:29.457346",
     "exception": false,
     "start_time": "2023-04-18T08:46:29.442146",
     "status": "completed"
    },
    "tags": [
     "injected-parameters"
    ]
   },
   "outputs": [],
   "source": [
    "# Parameters\n",
    "name = \"Ola\"\n",
    "surname = \"Nordmann\"\n"
   ]
  },
  {
   "cell_type": "code",
   "execution_count": 2,
   "id": "bd4d9c7a",
   "metadata": {
    "execution": {
     "iopub.execute_input": "2023-04-18T08:46:29.458867Z",
     "iopub.status.busy": "2023-04-18T08:46:29.458633Z",
     "iopub.status.idle": "2023-04-18T08:46:29.463593Z",
     "shell.execute_reply": "2023-04-18T08:46:29.462415Z"
    },
    "papermill": {
     "duration": 0.007663,
     "end_time": "2023-04-18T08:46:29.465165",
     "exception": false,
     "start_time": "2023-04-18T08:46:29.457502",
     "status": "completed"
    },
    "tags": []
   },
   "outputs": [],
   "source": [
    "name = \"Mario\"  # type: str The name to greet\n",
    "surname = \"Rossi\"  # type: str The surname to greet"
   ]
  },
  {
   "cell_type": "code",
   "execution_count": 3,
   "id": "11808159",
   "metadata": {
    "execution": {
     "iopub.execute_input": "2023-04-18T08:46:29.466419Z",
     "iopub.status.busy": "2023-04-18T08:46:29.466228Z",
     "iopub.status.idle": "2023-04-18T08:46:34.475182Z",
     "shell.execute_reply": "2023-04-18T08:46:34.474067Z"
    },
    "papermill": {
     "duration": 5.0119,
     "end_time": "2023-04-18T08:46:34.477146",
     "exception": false,
     "start_time": "2023-04-18T08:46:29.465246",
     "status": "completed"
    },
    "tags": []
   },
   "outputs": [],
   "source": [
    "import time\n",
    "time.sleep(5)  # A long-running op"
   ]
  },
  {
   "cell_type": "code",
   "execution_count": 4,
   "id": "31f09273",
   "metadata": {
    "execution": {
     "iopub.execute_input": "2023-04-18T08:46:34.479588Z",
     "iopub.status.busy": "2023-04-18T08:46:34.478407Z",
     "iopub.status.idle": "2023-04-18T08:46:34.484472Z",
     "shell.execute_reply": "2023-04-18T08:46:34.483442Z"
    },
    "papermill": {
     "duration": 0.009113,
     "end_time": "2023-04-18T08:46:34.486362",
     "exception": false,
     "start_time": "2023-04-18T08:46:34.477249",
     "status": "completed"
    },
    "tags": []
   },
   "outputs": [
    {
     "name": "stdout",
     "output_type": "stream",
     "text": [
      "Hello, Mario Rossi!\n"
     ]
    }
   ],
   "source": [
    "fullname = f\"{name} {surname}\"\n",
    "message  = f\"Hello, {fullname}!\"\n",
    "print(message)"
   ]
  },
  {
   "cell_type": "code",
   "execution_count": null,
   "id": "7264b0af",
   "metadata": {
    "papermill": {
     "duration": 7.6e-05,
     "end_time": "2023-04-18T08:46:34.486569",
     "exception": false,
     "start_time": "2023-04-18T08:46:34.486493",
     "status": "completed"
    },
    "tags": []
   },
   "outputs": [],
   "source": []
  }
 ],
 "metadata": {
  "kernelspec": {
   "display_name": "Python 3",
   "name": "python3"
  },
  "language_info": {
   "codemirror_mode": {
    "name": "ipython",
    "version": 3
   },
   "file_extension": ".py",
   "mimetype": "text/x-python",
   "name": "python",
   "nbconvert_exporter": "python",
   "pygments_lexer": "ipython3",
   "version": "3.9.15"
  },
  "papermill": {
   "default_parameters": {},
   "duration": 6.394712,
   "end_time": "2023-04-18T08:46:34.707432",
   "environment_variables": {},
   "exception": null,
   "input_path": "notebook.ipynb",
   "output_path": "-",
   "parameters": {
    "name": "Ola",
    "surname": "Nordmann"
   },
   "start_time": "2023-04-18T08:46:28.312720",
   "version": "2.4.0"
  }
 },
 "nbformat": 4,
 "nbformat_minor": 5
}